0 info it worked if it ends with ok
1 verbose cli [ 'C:\\Program Files\\nodejs\\node.exe',
1 verbose cli   'C:\\Users\\vivid\\AppData\\Roaming\\npm\\node_modules\\npm\\bin\\npm-cli.js',
1 verbose cli   'publish' ]
2 info using npm@4.1.1
3 info using node@v6.9.2
4 verbose publish [ '.' ]
5 silly cache add args [ '.', null ]
6 verbose cache add spec .
7 silly cache add parsed spec Result {
7 silly cache add   raw: '.',
7 silly cache add   scope: null,
7 silly cache add   escapedName: null,
7 silly cache add   name: null,
7 silly cache add   rawSpec: '.',
7 silly cache add   spec: 'W:\\Web\\GitHub\\utility',
7 silly cache add   type: 'directory' }
8 verbose addLocalDirectory C:\Users\vivid\AppData\Roaming\npm-cache\ct-utility\0.2.3\package.tgz not in flight; packing
9 verbose correctMkdir C:\Users\vivid\AppData\Roaming\npm-cache correctMkdir not in flight; initializing
10 info lifecycle ct-utility@0.2.3~prepublish: ct-utility@0.2.3
11 silly lifecycle ct-utility@0.2.3~prepublish: no script for prepublish, continuing
12 info lifecycle ct-utility@0.2.3~prepare: ct-utility@0.2.3
13 silly lifecycle ct-utility@0.2.3~prepare: no script for prepare, continuing
14 verbose tar pack [ 'C:\\Users\\vivid\\AppData\\Roaming\\npm-cache\\ct-utility\\0.2.3\\package.tgz',
14 verbose tar pack   'W:\\Web\\GitHub\\utility' ]
15 verbose tarball C:\Users\vivid\AppData\Roaming\npm-cache\ct-utility\0.2.3\package.tgz
16 verbose folder W:\Web\GitHub\utility
17 verbose addLocalTarball adding from inside cache C:\Users\vivid\AppData\Roaming\npm-cache\ct-utility\0.2.3\package.tgz
18 verbose correctMkdir C:\Users\vivid\AppData\Roaming\npm-cache correctMkdir not in flight; initializing
19 silly cache afterAdd ct-utility@0.2.3
20 verbose afterAdd C:\Users\vivid\AppData\Roaming\npm-cache\ct-utility\0.2.3\package\package.json not in flight; writing
21 verbose correctMkdir C:\Users\vivid\AppData\Roaming\npm-cache correctMkdir not in flight; initializing
22 verbose afterAdd C:\Users\vivid\AppData\Roaming\npm-cache\ct-utility\0.2.3\package\package.json written
23 silly publish { name: 'ct-utility',
23 silly publish   version: '0.2.3',
23 silly publish   description: '使用在admin系统中的工具函数集合',
23 silly publish   main: 'index.js',
23 silly publish   scripts: { pub: 'webpack --config publish.config.js' },
23 silly publish   author: { name: 'rubyisapm' },
23 silly publish   license: 'ISC',
23 silly publish   devDependencies: { webpack: '^1.14.0' },
23 silly publish   readme: '# utility\r\n\r\n使用在admin系统中的工具函数集合\r\n\r\n## 兼容性\r\n\r\nIE 10+ / chrome \r\n\r\n## 安装\r\n\r\n```\r\nnpm install ct-utility\r\n```\r\n\r\n\r\n\r\n',
23 silly publish   readmeFilename: 'README.md',
23 silly publish   gitHead: '6ca4e8b789bcf0a3296752d03d35ad79bd249b98',
23 silly publish   _id: 'ct-utility@0.2.3',
23 silly publish   _shasum: '9849968a4ced3f6503065d71825d871187750f0c',
23 silly publish   _from: '.' }
24 info lifecycle ct-utility@0.2.3~prepublishOnly: ct-utility@0.2.3
25 silly lifecycle ct-utility@0.2.3~prepublishOnly: no script for prepublishOnly, continuing
26 verbose getPublishConfig undefined
27 silly mapToRegistry name ct-utility
28 silly mapToRegistry using default registry
29 silly mapToRegistry registry https://registry.npmjs.org/
30 silly mapToRegistry data Result {
30 silly mapToRegistry   raw: 'ct-utility',
30 silly mapToRegistry   scope: null,
30 silly mapToRegistry   escapedName: 'ct-utility',
30 silly mapToRegistry   name: 'ct-utility',
30 silly mapToRegistry   rawSpec: '',
30 silly mapToRegistry   spec: 'latest',
30 silly mapToRegistry   type: 'tag' }
31 silly mapToRegistry uri https://registry.npmjs.org/ct-utility
32 verbose publish registryBase https://registry.npmjs.org/
33 silly publish uploading C:\Users\vivid\AppData\Roaming\npm-cache\ct-utility\0.2.3\package.tgz
34 verbose request uri https://registry.npmjs.org/ct-utility
35 verbose request sending authorization for write operation
36 info attempt registry request try #1 at 12:12:21
37 verbose request using bearer token for auth
38 verbose request id 02d89cef60dbab54
39 http request PUT https://registry.npmjs.org/ct-utility
40 http 403 https://registry.npmjs.org/ct-utility
41 verbose headers { 'content-type': 'application/json',
41 verbose headers   'cache-control': 'max-age=300',
41 verbose headers   'content-length': '104',
41 verbose headers   'accept-ranges': 'bytes',
41 verbose headers   date: 'Mon, 31 Jul 2017 04:12:52 GMT',
41 verbose headers   via: '1.1 varnish',
41 verbose headers   connection: 'keep-alive',
41 verbose headers   'x-served-by': 'cache-nrt6123-NRT',
41 verbose headers   'x-cache': 'MISS',
41 verbose headers   'x-cache-hits': '0',
41 verbose headers   'x-timer': 'S1501474368.761512,VS0,VE4788',
41 verbose headers   vary: 'Accept-Encoding, Accept' }
42 verbose request invalidating C:\Users\vivid\AppData\Roaming\npm-cache\registry.npmjs.org\ct-utility on PUT
43 error publish Failed PUT 403
44 verbose stack Error: you do not have permission to publish "ct-utility". Are you logged in as the correct user? : ct-utility
44 verbose stack     at makeError (C:\Users\vivid\AppData\Roaming\npm\node_modules\npm\node_modules\npm-registry-client\lib\request.js:304:12)
44 verbose stack     at CachingRegistryClient.<anonymous> (C:\Users\vivid\AppData\Roaming\npm\node_modules\npm\node_modules\npm-registry-client\lib\request.js:292:14)
44 verbose stack     at Request._callback (C:\Users\vivid\AppData\Roaming\npm\node_modules\npm\node_modules\npm-registry-client\lib\request.js:212:14)
44 verbose stack     at Request.self.callback (C:\Users\vivid\AppData\Roaming\npm\node_modules\npm\node_modules\request\request.js:186:22)
44 verbose stack     at emitTwo (events.js:106:13)
44 verbose stack     at Request.emit (events.js:191:7)
44 verbose stack     at Request.<anonymous> (C:\Users\vivid\AppData\Roaming\npm\node_modules\npm\node_modules\request\request.js:1081:10)
44 verbose stack     at emitOne (events.js:96:13)
44 verbose stack     at Request.emit (events.js:188:7)
44 verbose stack     at IncomingMessage.<anonymous> (C:\Users\vivid\AppData\Roaming\npm\node_modules\npm\node_modules\request\request.js:1001:12)
45 verbose statusCode 403
46 verbose pkgid ct-utility
47 verbose cwd W:\Web\GitHub\utility
48 error Windows_NT 10.0.15063
49 error argv "C:\\Program Files\\nodejs\\node.exe" "C:\\Users\\vivid\\AppData\\Roaming\\npm\\node_modules\\npm\\bin\\npm-cli.js" "publish"
50 error node v6.9.2
51 error npm  v4.1.1
52 error code E403
53 error you do not have permission to publish "ct-utility". Are you logged in as the correct user? : ct-utility
54 error If you need help, you may report this error at:
54 error     <https://github.com/npm/npm/issues>
55 verbose exit [ 1, true ]
